{"/Users/reizelyase/Documents/Projects/toy-robot/ToyRobot.ts": {"path":"/Users/reizelyase/Documents/Projects/toy-robot/ToyRobot.ts","statementMap":{"0":{"start":{"line":2,"column":0},"end":{"line":2,"column":62}},"1":{"start":{"line":4,"column":24},"end":{"line":4,"column":58}},"2":{"start":{"line":6,"column":0},"end":{"line":6,"column":null}},"3":{"start":{"line":7,"column":2},"end":{"line":7,"column":null}},"4":{"start":{"line":8,"column":2},"end":{"line":8,"column":null}},"5":{"start":{"line":9,"column":2},"end":{"line":9,"column":null}},"6":{"start":{"line":10,"column":2},"end":{"line":10,"column":null}},"7":{"start":{"line":12,"column":2},"end":{"line":27,"column":null}},"8":{"start":{"line":13,"column":65},"end":{"line":13,"column":89}},"9":{"start":{"line":13,"column":21},"end":{"line":13,"column":23}},"10":{"start":{"line":13,"column":36},"end":{"line":13,"column":65}},"11":{"start":{"line":14,"column":63},"end":{"line":14,"column":108}},"12":{"start":{"line":14,"column":18},"end":{"line":14,"column":20}},"13":{"start":{"line":14,"column":27},"end":{"line":14,"column":29}},"14":{"start":{"line":14,"column":44},"end":{"line":14,"column":63}},"15":{"start":{"line":15,"column":29},"end":{"line":15,"column":39}},"16":{"start":{"line":16,"column":16},"end":{"line":16,"column":67}},"17":{"start":{"line":17,"column":40},"end":{"line":21,"column":null}},"18":{"start":{"line":23,"column":4},"end":{"line":26,"column":null}},"19":{"start":{"line":29,"column":2},"end":{"line":58,"column":null}},"20":{"start":{"line":30,"column":4},"end":{"line":57,"column":null}},"21":{"start":{"line":31,"column":64},"end":{"line":31,"column":101}},"22":{"start":{"line":31,"column":21},"end":{"line":31,"column":23}},"23":{"start":{"line":31,"column":23},"end":{"line":31,"column":37}},"24":{"start":{"line":31,"column":38},"end":{"line":31,"column":40}},"25":{"start":{"line":31,"column":41},"end":{"line":31,"column":54}},"26":{"start":{"line":31,"column":57},"end":{"line":31,"column":59}},"27":{"start":{"line":33,"column":6},"end":{"line":56,"column":null}},"28":{"start":{"line":36,"column":8},"end":{"line":36,"column":14}},"29":{"start":{"line":39,"column":8},"end":{"line":55,"column":null}},"30":{"start":{"line":41,"column":12},"end":{"line":41,"column":24}},"31":{"start":{"line":42,"column":12},"end":{"line":42,"column":18}},"32":{"start":{"line":44,"column":12},"end":{"line":44,"column":24}},"33":{"start":{"line":45,"column":12},"end":{"line":45,"column":18}},"34":{"start":{"line":47,"column":12},"end":{"line":47,"column":25}},"35":{"start":{"line":48,"column":12},"end":{"line":48,"column":18}},"36":{"start":{"line":50,"column":12},"end":{"line":50,"column":26}},"37":{"start":{"line":51,"column":12},"end":{"line":51,"column":18}},"38":{"start":{"line":53,"column":12},"end":{"line":53,"column":34}},"39":{"start":{"line":54,"column":12},"end":{"line":54,"column":18}},"40":{"start":{"line":60,"column":2},"end":{"line":69,"column":null}},"41":{"start":{"line":62,"column":4},"end":{"line":68,"column":null}},"42":{"start":{"line":64,"column":6},"end":{"line":64,"column":null}},"43":{"start":{"line":64,"column":25},"end":{"line":64,"column":null}},"44":{"start":{"line":65,"column":6},"end":{"line":65,"column":null}},"45":{"start":{"line":66,"column":6},"end":{"line":66,"column":null}},"46":{"start":{"line":67,"column":6},"end":{"line":67,"column":null}},"47":{"start":{"line":71,"column":2},"end":{"line":85,"column":null}},"48":{"start":{"line":72,"column":38},"end":{"line":72,"column":96}},"49":{"start":{"line":74,"column":4},"end":{"line":84,"column":null}},"50":{"start":{"line":75,"column":22},"end":{"line":75,"column":79}},"51":{"start":{"line":78,"column":6},"end":{"line":78,"column":null}},"52":{"start":{"line":78,"column":36},"end":{"line":78,"column":null}},"53":{"start":{"line":80,"column":22},"end":{"line":80,"column":80}},"54":{"start":{"line":83,"column":6},"end":{"line":83,"column":null}},"55":{"start":{"line":83,"column":36},"end":{"line":83,"column":null}},"56":{"start":{"line":87,"column":2},"end":{"line":92,"column":null}},"57":{"start":{"line":88,"column":4},"end":{"line":91,"column":null}},"58":{"start":{"line":88,"column":36},"end":{"line":88,"column":null}},"59":{"start":{"line":89,"column":9},"end":{"line":91,"column":null}},"60":{"start":{"line":89,"column":40},"end":{"line":89,"column":null}},"61":{"start":{"line":90,"column":9},"end":{"line":91,"column":null}},"62":{"start":{"line":90,"column":41},"end":{"line":90,"column":null}},"63":{"start":{"line":91,"column":9},"end":{"line":91,"column":null}},"64":{"start":{"line":94,"column":2},"end":{"line":99,"column":null}},"65":{"start":{"line":95,"column":4},"end":{"line":98,"column":null}},"66":{"start":{"line":95,"column":36},"end":{"line":95,"column":null}},"67":{"start":{"line":96,"column":9},"end":{"line":98,"column":null}},"68":{"start":{"line":96,"column":40},"end":{"line":96,"column":null}},"69":{"start":{"line":97,"column":9},"end":{"line":98,"column":null}},"70":{"start":{"line":97,"column":41},"end":{"line":97,"column":null}},"71":{"start":{"line":98,"column":9},"end":{"line":98,"column":null}},"72":{"start":{"line":101,"column":2},"end":{"line":103,"column":null}},"73":{"start":{"line":102,"column":4},"end":{"line":102,"column":null}},"74":{"start":{"line":104,"column":0},"end":{"line":104,"column":null}}},"fnMap":{"0":{"name":"(anonymous_0)","decl":{"start":{"line":6,"column":0},"end":{"line":6,"column":null}},"loc":{"start":{"line":6,"column":0},"end":{"line":104,"column":null}}},"1":{"name":"(anonymous_2)","decl":{"start":{"line":12,"column":2},"end":{"line":12,"column":14}},"loc":{"start":{"line":12,"column":28},"end":{"line":27,"column":3}}},"2":{"name":"(anonymous_3)","decl":{"start":{"line":29,"column":2},"end":{"line":29,"column":11}},"loc":{"start":{"line":29,"column":30},"end":{"line":58,"column":3}}},"3":{"name":"(anonymous_4)","decl":{"start":{"line":60,"column":2},"end":{"line":60,"column":7}},"loc":{"start":{"line":60,"column":44},"end":{"line":69,"column":3}}},"4":{"name":"(anonymous_5)","decl":{"start":{"line":71,"column":2},"end":{"line":71,"column":6}},"loc":{"start":{"line":71,"column":2},"end":{"line":85,"column":3}}},"5":{"name":"(anonymous_6)","decl":{"start":{"line":87,"column":2},"end":{"line":87,"column":6}},"loc":{"start":{"line":87,"column":2},"end":{"line":92,"column":3}}},"6":{"name":"(anonymous_7)","decl":{"start":{"line":94,"column":2},"end":{"line":94,"column":7}},"loc":{"start":{"line":94,"column":2},"end":{"line":99,"column":3}}},"7":{"name":"(anonymous_8)","decl":{"start":{"line":101,"column":2},"end":{"line":101,"column":8}},"loc":{"start":{"line":101,"column":2},"end":{"line":103,"column":3}}}},"branchMap":{"0":{"loc":{"start":{"line":14,"column":63},"end":{"line":14,"column":108}},"type":"cond-expr","locations":[{"start":{"line":14,"column":79},"end":{"line":14,"column":103}},{"start":{"line":14,"column":106},"end":{"line":14,"column":108}}]},"1":{"loc":{"start":{"line":16,"column":16},"end":{"line":16,"column":67}},"type":"cond-expr","locations":[{"start":{"line":16,"column":34},"end":{"line":16,"column":49}},{"start":{"line":16,"column":52},"end":{"line":16,"column":67}}]},"2":{"loc":{"start":{"line":30,"column":4},"end":{"line":57,"column":null}},"type":"if","locations":[{"start":{"line":30,"column":4},"end":{"line":57,"column":null}}]},"3":{"loc":{"start":{"line":33,"column":6},"end":{"line":56,"column":null}},"type":"if","locations":[{"start":{"line":33,"column":6},"end":{"line":56,"column":null}},{"start":{"line":38,"column":11},"end":{"line":56,"column":null}}]},"4":{"loc":{"start":{"line":33,"column":10},"end":{"line":33,"column":46}},"type":"binary-expr","locations":[{"start":{"line":33,"column":10},"end":{"line":33,"column":29}},{"start":{"line":33,"column":33},"end":{"line":33,"column":46}}]},"5":{"loc":{"start":{"line":39,"column":8},"end":{"line":55,"column":null}},"type":"switch","locations":[{"start":{"line":40,"column":10},"end":{"line":42,"column":18}},{"start":{"line":43,"column":10},"end":{"line":45,"column":18}},{"start":{"line":46,"column":10},"end":{"line":48,"column":18}},{"start":{"line":49,"column":10},"end":{"line":51,"column":18}},{"start":{"line":52,"column":10},"end":{"line":54,"column":18}}]},"6":{"loc":{"start":{"line":62,"column":4},"end":{"line":68,"column":null}},"type":"if","locations":[{"start":{"line":62,"column":4},"end":{"line":68,"column":null}}]},"7":{"loc":{"start":{"line":62,"column":8},"end":{"line":62,"column":81}},"type":"binary-expr","locations":[{"start":{"line":62,"column":8},"end":{"line":62,"column":26}},{"start":{"line":62,"column":30},"end":{"line":62,"column":48}},{"start":{"line":62,"column":52},"end":{"line":62,"column":81}}]},"8":{"loc":{"start":{"line":64,"column":6},"end":{"line":64,"column":null}},"type":"if","locations":[{"start":{"line":64,"column":6},"end":{"line":64,"column":null}}]},"9":{"loc":{"start":{"line":72,"column":41},"end":{"line":72,"column":95}},"type":"binary-expr","locations":[{"start":{"line":72,"column":41},"end":{"line":72,"column":66}},{"start":{"line":72,"column":70},"end":{"line":72,"column":95}}]},"10":{"loc":{"start":{"line":74,"column":4},"end":{"line":84,"column":null}},"type":"if","locations":[{"start":{"line":74,"column":4},"end":{"line":84,"column":null}},{"start":{"line":79,"column":11},"end":{"line":84,"column":null}}]},"11":{"loc":{"start":{"line":75,"column":22},"end":{"line":75,"column":79}},"type":"cond-expr","locations":[{"start":{"line":75,"column":50},"end":{"line":75,"column":63}},{"start":{"line":75,"column":66},"end":{"line":75,"column":79}}]},"12":{"loc":{"start":{"line":78,"column":6},"end":{"line":78,"column":null}},"type":"if","locations":[{"start":{"line":78,"column":6},"end":{"line":78,"column":null}}]},"13":{"loc":{"start":{"line":80,"column":22},"end":{"line":80,"column":80}},"type":"cond-expr","locations":[{"start":{"line":80,"column":51},"end":{"line":80,"column":64}},{"start":{"line":80,"column":67},"end":{"line":80,"column":80}}]},"14":{"loc":{"start":{"line":83,"column":6},"end":{"line":83,"column":null}},"type":"if","locations":[{"start":{"line":83,"column":6},"end":{"line":83,"column":null}}]},"15":{"loc":{"start":{"line":88,"column":4},"end":{"line":91,"column":null}},"type":"if","locations":[{"start":{"line":88,"column":4},"end":{"line":91,"column":null}},{"start":{"line":89,"column":9},"end":{"line":91,"column":null}}]},"16":{"loc":{"start":{"line":89,"column":9},"end":{"line":91,"column":null}},"type":"if","locations":[{"start":{"line":89,"column":9},"end":{"line":91,"column":null}},{"start":{"line":90,"column":9},"end":{"line":91,"column":null}}]},"17":{"loc":{"start":{"line":90,"column":9},"end":{"line":91,"column":null}},"type":"if","locations":[{"start":{"line":90,"column":9},"end":{"line":91,"column":null}},{"start":{"line":91,"column":9},"end":{"line":91,"column":null}}]},"18":{"loc":{"start":{"line":95,"column":4},"end":{"line":98,"column":null}},"type":"if","locations":[{"start":{"line":95,"column":4},"end":{"line":98,"column":null}},{"start":{"line":96,"column":9},"end":{"line":98,"column":null}}]},"19":{"loc":{"start":{"line":96,"column":9},"end":{"line":98,"column":null}},"type":"if","locations":[{"start":{"line":96,"column":9},"end":{"line":98,"column":null}},{"start":{"line":97,"column":9},"end":{"line":98,"column":null}}]},"20":{"loc":{"start":{"line":97,"column":9},"end":{"line":98,"column":null}},"type":"if","locations":[{"start":{"line":97,"column":9},"end":{"line":98,"column":null}},{"start":{"line":98,"column":9},"end":{"line":98,"column":null}}]}},"s":{"0":1,"1":1,"2":1,"3":14,"4":14,"5":14,"6":14,"7":1,"8":16,"9":16,"10":16,"11":16,"12":16,"13":16,"14":16,"15":16,"16":16,"17":16,"18":16,"19":1,"20":16,"21":16,"22":16,"23":16,"24":16,"25":16,"26":16,"27":16,"28":1,"29":15,"30":2,"31":2,"32":4,"33":4,"34":3,"35":3,"36":1,"37":1,"38":5,"39":5,"40":1,"41":13,"42":13,"43":13,"44":13,"45":13,"46":13,"47":1,"48":2,"49":2,"50":1,"51":1,"52":1,"53":1,"54":1,"55":1,"56":1,"57":4,"58":1,"59":3,"60":1,"61":2,"62":1,"63":1,"64":1,"65":3,"66":0,"67":3,"68":1,"69":2,"70":1,"71":1,"72":1,"73":1,"74":1},"f":{"0":15,"1":16,"2":16,"3":13,"4":2,"5":4,"6":3,"7":1},"b":{"0":[5,11],"1":[5,11],"2":[16],"3":[1,15],"4":[16,11],"5":[2,4,3,1,5],"6":[13],"7":[13,13,13],"8":[13],"9":[2,2],"10":[1,1],"11":[1,0],"12":[1],"13":[1,0],"14":[1],"15":[1,3],"16":[1,2],"17":[1,1],"18":[0,3],"19":[1,2],"20":[1,1]}}
,"/Users/reizelyase/Documents/Projects/toy-robot/validation.ts": {"path":"/Users/reizelyase/Documents/Projects/toy-robot/validation.ts","statementMap":{"0":{"start":{"line":3,"column":21},"end":{"line":3,"column":22}},"1":{"start":{"line":4,"column":23},"end":{"line":4,"column":58}},"2":{"start":{"line":6,"column":23},"end":{"line":13,"column":1}},"3":{"start":{"line":7,"column":57},"end":{"line":7,"column":81}},"4":{"start":{"line":7,"column":16},"end":{"line":7,"column":18}},"5":{"start":{"line":7,"column":28},"end":{"line":7,"column":57}},"6":{"start":{"line":8,"column":59},"end":{"line":8,"column":114}},"7":{"start":{"line":8,"column":10},"end":{"line":8,"column":12}},"8":{"start":{"line":8,"column":13},"end":{"line":8,"column":15}},"9":{"start":{"line":8,"column":24},"end":{"line":8,"column":59}},"10":{"start":{"line":10,"column":2},"end":{"line":10,"column":null}},"11":{"start":{"line":10,"column":157},"end":{"line":10,"column":null}},"12":{"start":{"line":12,"column":2},"end":{"line":12,"column":null}},"13":{"start":{"line":20,"column":2},"end":{"line":20,"column":16}},"14":{"start":{"line":15,"column":24},"end":{"line":17,"column":1}},"15":{"start":{"line":16,"column":4},"end":{"line":16,"column":null}},"16":{"start":{"line":21,"column":2},"end":{"line":21,"column":17}}},"fnMap":{"0":{"name":"(anonymous_0)","decl":{"start":{"line":6,"column":23},"end":{"line":6,"column":24}},"loc":{"start":{"line":6,"column":45},"end":{"line":13,"column":1}}},"1":{"name":"(anonymous_1)","decl":{"start":{"line":15,"column":24},"end":{"line":15,"column":25}},"loc":{"start":{"line":15,"column":41},"end":{"line":17,"column":1}}}},"branchMap":{"0":{"loc":{"start":{"line":8,"column":59},"end":{"line":8,"column":114}},"type":"cond-expr","locations":[{"start":{"line":8,"column":72},"end":{"line":8,"column":93}},{"start":{"line":8,"column":96},"end":{"line":8,"column":114}}]},"1":{"loc":{"start":{"line":10,"column":2},"end":{"line":10,"column":null}},"type":"if","locations":[{"start":{"line":10,"column":2},"end":{"line":10,"column":null}}]},"2":{"loc":{"start":{"line":10,"column":7},"end":{"line":10,"column":154}},"type":"binary-expr","locations":[{"start":{"line":10,"column":8},"end":{"line":10,"column":27}},{"start":{"line":10,"column":31},"end":{"line":10,"column":63}},{"start":{"line":10,"column":69},"end":{"line":10,"column":88}},{"start":{"line":10,"column":92},"end":{"line":10,"column":102}},{"start":{"line":10,"column":106},"end":{"line":10,"column":121}},{"start":{"line":10,"column":125},"end":{"line":10,"column":140}},{"start":{"line":10,"column":144},"end":{"line":10,"column":153}}]},"3":{"loc":{"start":{"line":16,"column":11},"end":{"line":16,"column":51}},"type":"binary-expr","locations":[{"start":{"line":16,"column":11},"end":{"line":16,"column":24}},{"start":{"line":16,"column":28},"end":{"line":16,"column":51}}]}},"s":{"0":2,"1":2,"2":2,"3":22,"4":22,"5":22,"6":22,"7":22,"8":22,"9":22,"10":22,"11":21,"12":1,"13":2,"14":2,"15":32,"16":2},"f":{"0":22,"1":32},"b":{"0":[7,15],"1":[21],"2":[22,16,7,6,6,6,6],"3":[32,31]}}
}
