TN:
SF:ToyRobot.ts
FN:6,(anonymous_0)
FN:12,(anonymous_2)
FN:29,(anonymous_3)
FN:60,(anonymous_4)
FN:71,(anonymous_5)
FN:87,(anonymous_6)
FN:94,(anonymous_7)
FN:101,(anonymous_8)
FNF:8
FNH:8
FNDA:15,(anonymous_0)
FNDA:16,(anonymous_2)
FNDA:16,(anonymous_3)
FNDA:13,(anonymous_4)
FNDA:2,(anonymous_5)
FNDA:4,(anonymous_6)
FNDA:3,(anonymous_7)
FNDA:1,(anonymous_8)
DA:2,1
DA:4,1
DA:6,1
DA:7,14
DA:8,14
DA:9,14
DA:10,14
DA:12,1
DA:13,16
DA:14,16
DA:15,16
DA:16,16
DA:17,16
DA:23,16
DA:29,1
DA:30,16
DA:31,16
DA:33,16
DA:36,1
DA:39,15
DA:41,2
DA:42,2
DA:44,4
DA:45,4
DA:47,3
DA:48,3
DA:50,1
DA:51,1
DA:53,5
DA:54,5
DA:60,1
DA:62,13
DA:64,13
DA:65,13
DA:66,13
DA:67,13
DA:71,1
DA:72,2
DA:74,2
DA:75,1
DA:78,1
DA:80,1
DA:83,1
DA:87,1
DA:88,4
DA:89,3
DA:90,2
DA:91,1
DA:94,1
DA:95,3
DA:96,3
DA:97,2
DA:98,1
DA:101,1
DA:102,1
DA:104,1
LF:56
LH:56
BRDA:14,0,0,5
BRDA:14,0,1,11
BRDA:16,1,0,5
BRDA:16,1,1,11
BRDA:30,2,0,16
BRDA:33,3,0,1
BRDA:33,3,1,15
BRDA:33,4,0,16
BRDA:33,4,1,11
BRDA:39,5,0,2
BRDA:39,5,1,4
BRDA:39,5,2,3
BRDA:39,5,3,1
BRDA:39,5,4,5
BRDA:62,6,0,13
BRDA:62,7,0,13
BRDA:62,7,1,13
BRDA:62,7,2,13
BRDA:64,8,0,13
BRDA:72,9,0,2
BRDA:72,9,1,2
BRDA:74,10,0,1
BRDA:74,10,1,1
BRDA:75,11,0,1
BRDA:75,11,1,0
BRDA:78,12,0,1
BRDA:80,13,0,1
BRDA:80,13,1,0
BRDA:83,14,0,1
BRDA:88,15,0,1
BRDA:88,15,1,3
BRDA:89,16,0,1
BRDA:89,16,1,2
BRDA:90,17,0,1
BRDA:90,17,1,1
BRDA:95,18,0,0
BRDA:95,18,1,3
BRDA:96,19,0,1
BRDA:96,19,1,2
BRDA:97,20,0,1
BRDA:97,20,1,1
BRF:41
BRH:38
end_of_record
TN:
SF:validation.ts
FN:6,(anonymous_0)
FN:15,(anonymous_1)
FNF:2
FNH:2
FNDA:22,(anonymous_0)
FNDA:32,(anonymous_1)
DA:3,2
DA:4,2
DA:6,2
DA:7,22
DA:8,22
DA:10,22
DA:12,1
DA:15,2
DA:16,32
DA:20,2
DA:21,2
LF:11
LH:11
BRDA:8,0,0,7
BRDA:8,0,1,15
BRDA:10,1,0,21
BRDA:10,2,0,22
BRDA:10,2,1,16
BRDA:10,2,2,7
BRDA:10,2,3,6
BRDA:10,2,4,6
BRDA:10,2,5,6
BRDA:10,2,6,6
BRDA:16,3,0,32
BRDA:16,3,1,31
BRF:12
BRH:12
end_of_record
